E, [2015-02-20T00:01:46.144943 #1956] ERROR -- Kitchen: ------Exception-------
E, [2015-02-20T00:01:46.145098 #1956] ERROR -- Kitchen: Class: Kitchen::UserError
E, [2015-02-20T00:01:46.145159 #1956] ERROR -- Kitchen: Message: Kitchen YAML file /home/chef/chef-repo/.kitchen.yml does not exist.
E, [2015-02-20T00:01:46.145225 #1956] ERROR -- Kitchen: ------Backtrace-------
E, [2015-02-20T00:01:46.145512 #1956] ERROR -- Kitchen: /opt/chefdk/embedded/apps/test-kitchen/lib/kitchen/loader/yaml.rb:74:in `read'
E, [2015-02-20T00:01:46.145603 #1956] ERROR -- Kitchen: /opt/chefdk/embedded/apps/test-kitchen/lib/kitchen/config.rb:139:in `data'
E, [2015-02-20T00:01:46.145657 #1956] ERROR -- Kitchen: /opt/chefdk/embedded/apps/test-kitchen/lib/kitchen/config.rb:118:in `suites'
E, [2015-02-20T00:01:46.145706 #1956] ERROR -- Kitchen: /opt/chefdk/embedded/apps/test-kitchen/lib/kitchen/config.rb:169:in `filter_instances'
E, [2015-02-20T00:01:46.145755 #1956] ERROR -- Kitchen: /opt/chefdk/embedded/apps/test-kitchen/lib/kitchen/config.rb:128:in `build_instances'
E, [2015-02-20T00:01:46.145803 #1956] ERROR -- Kitchen: /opt/chefdk/embedded/apps/test-kitchen/lib/kitchen/config.rb:104:in `instances'
E, [2015-02-20T00:01:46.145851 #1956] ERROR -- Kitchen: /opt/chefdk/embedded/apps/test-kitchen/lib/kitchen/command.rb:115:in `filtered_instances'
E, [2015-02-20T00:01:46.145899 #1956] ERROR -- Kitchen: /opt/chefdk/embedded/apps/test-kitchen/lib/kitchen/command.rb:145:in `parse_subcommand'
E, [2015-02-20T00:01:46.145948 #1956] ERROR -- Kitchen: /opt/chefdk/embedded/apps/test-kitchen/lib/kitchen/command/login.rb:32:in `call'
E, [2015-02-20T00:01:46.145997 #1956] ERROR -- Kitchen: /opt/chefdk/embedded/apps/test-kitchen/lib/kitchen/cli.rb:56:in `perform'
E, [2015-02-20T00:01:46.146061 #1956] ERROR -- Kitchen: /opt/chefdk/embedded/apps/test-kitchen/lib/kitchen/cli.rb:218:in `login'
E, [2015-02-20T00:01:46.146140 #1956] ERROR -- Kitchen: /opt/chefdk/embedded/lib/ruby/gems/2.1.0/gems/thor-0.19.1/lib/thor/command.rb:27:in `run'
E, [2015-02-20T00:01:46.146195 #1956] ERROR -- Kitchen: /opt/chefdk/embedded/lib/ruby/gems/2.1.0/gems/thor-0.19.1/lib/thor/invocation.rb:126:in `invoke_command'
E, [2015-02-20T00:01:46.146244 #1956] ERROR -- Kitchen: /opt/chefdk/embedded/apps/test-kitchen/lib/kitchen/cli.rb:304:in `invoke_task'
E, [2015-02-20T00:01:46.146318 #1956] ERROR -- Kitchen: /opt/chefdk/embedded/lib/ruby/gems/2.1.0/gems/thor-0.19.1/lib/thor.rb:359:in `dispatch'
E, [2015-02-20T00:01:46.146369 #1956] ERROR -- Kitchen: /opt/chefdk/embedded/lib/ruby/gems/2.1.0/gems/thor-0.19.1/lib/thor/base.rb:440:in `start'
E, [2015-02-20T00:01:46.146433 #1956] ERROR -- Kitchen: /opt/chefdk/embedded/apps/test-kitchen/bin/kitchen:13:in `block in <top (required)>'
E, [2015-02-20T00:01:46.146484 #1956] ERROR -- Kitchen: /opt/chefdk/embedded/apps/test-kitchen/lib/kitchen/errors.rb:154:in `with_friendly_errors'
E, [2015-02-20T00:01:46.146533 #1956] ERROR -- Kitchen: /opt/chefdk/embedded/apps/test-kitchen/bin/kitchen:13:in `<top (required)>'
E, [2015-02-20T00:01:46.146595 #1956] ERROR -- Kitchen: /opt/chefdk/bin/kitchen:15:in `load'
E, [2015-02-20T00:01:46.146644 #1956] ERROR -- Kitchen: /opt/chefdk/bin/kitchen:15:in `<main>'
E, [2015-02-20T00:01:46.146691 #1956] ERROR -- Kitchen: ----------------------
